<?xml version="1.0" encoding="UTF-8"?>
<!-- Generated by org.testng.reporters.JUnitReportReporter -->
<testsuite hostname="Gokulnaths-MacBook-Pro.local" failures="0" tests="1" name="salesforce.tests.Contacts" time="14.231" errors="0" timestamp="2022-05-19T16:14:53 CDT" skipped="0">
  <testcase classname="salesforce.tests.Contacts" name="newContact" time="14.231"/>
  <system-out/>
</testsuite> <!-- salesforce.tests.Contacts -->
