<?xml version="1.0" encoding="UTF-8"?>
<!-- Generated by org.testng.reporters.JUnitReportReporter -->
<testsuite hostname="Gokulnaths-MacBook-Pro.local" failures="0" tests="1" name="salesforce.tests.CreateAccount" time="59.322" errors="0" timestamp="2022-05-20T14:50:14 CDT" skipped="0">
  <testcase classname="salesforce.tests.CreateAccount" name="createAccountReport" time="59.322"/>
  <system-out/>
</testsuite> <!-- salesforce.tests.CreateAccount -->
