<?xml version="1.0" encoding="UTF-8"?>
<!-- Generated by org.testng.reporters.JUnitReportReporter -->
<testsuite hostname="Gokulnaths-MacBook-Pro.local" failures="0" tests="1" name="salesforce.tests.CreateOpportunity" time="25.955" errors="0" timestamp="2022-05-16T17:01:54 CDT" skipped="0">
  <testcase classname="salesforce.tests.CreateOpportunity" name="newOppty" time="25.955"/>
  <system-out/>
</testsuite> <!-- salesforce.tests.CreateOpportunity -->
