<?xml version="1.0" encoding="UTF-8"?>
<!-- Generated by org.testng.reporters.JUnitReportReporter -->
<testsuite hostname="Gokulnaths-MacBook-Pro.local" failures="0" tests="1" name="salesforce.tests.SFDCLogin" time="14.073" errors="0" timestamp="2022-05-16T15:26:31 CDT" skipped="0">
  <testcase classname="salesforce.tests.SFDCLogin" name="checkRememberMe" time="14.073"/>
  <system-out/>
</testsuite> <!-- salesforce.tests.SFDCLogin -->
